MPASM 5.87                       NEWMAIN.ASM   11-30-2023  11:30:37         PAGE  1


LOC  OBJECT CODE     LINE SOURCE TEXT
  VALUE

                      00001 ;*******************************************************************************
                      00002 ; UFSC- Universidade Federal de Santa Catarina
                      00003 ; Aluna: Alice Motin
                      00004 ; Matrícula: 22201175
                      00005 ; Contador
                      00006 ;*******************************************************************************
                      00007         
                      00008 ; Incluindo o arquivo de definições específicas para o 16F877A
                      00009 #include <P16F877A.inc>
                      00001         LIST
                      00002 
                      00003 ;==========================================================================
                      00004 ; Build date : Jan 06 2020
                      00005 ;  MPASM PIC16F877A processor include
                      00006 ; 
                      00007 ;  (c) Copyright 1999-2020 Microchip Technology, All rights reserved
                      00008 ;==========================================================================
                      00009 
                      00567         LIST
                      00010 
                      00011 ; Configuração dos bits de configuração do microcontrolador
Warning[205]: Found directive in column 1. (__CONFIG)
2007   3FF1           00012 __CONFIG   _CP_OFF & _WDT_OFF & _PWRTE_ON & _XT_OSC
                      00013 
                      00014 ; Define os bits para incrementar e decrementar
                      00015 #DEFINE         incrementa      PORTC,0
                      00016 #DEFINE         decrementa      PORTC,1
                      00017 
                      00018 ; Configuração de portas
Warning[205]: Found directive in column 1. (org)
                      00019 org 0x000                       ; Origem do código
                      00020 
                      00021 ; Configuração do banco de registros
Warning[203]: Found opcode in column 1. (bsf)
0000   1683           00022 bsf STATUS,RP0                  ; Muda para o banco 1   
Warning[203]: Found opcode in column 1. (bcf)
0001   1303           00023 bcf STATUS,RP1
                      00024 
                      00025 ; Configuração dos registradores de controle de portas
Warning[203]: Found opcode in column 1. (movlw)
0002   3003           00026 movlw b'00000011'               
Warning[203]: Found opcode in column 1. (movwf)
Message[302]: Register in operand not in bank 0.  Ensure that bank bits are correct.
0003   0087           00027 movwf TRISC
Warning[203]: Found opcode in column 1. (movlw)
0004   3000           00028 movlw b'00000000'       
Warning[203]: Found opcode in column 1. (movwf)
Message[302]: Register in operand not in bank 0.  Ensure that bank bits are correct.
0005   0086           00029 movwf TRISB
Warning[203]: Found opcode in column 1. (movlw)
0006   3000           00030 movlw b'00000000'               
Warning[203]: Found opcode in column 1. (movwf)
Message[302]: Register in operand not in bank 0.  Ensure that bank bits are correct.
MPASM 5.87                       NEWMAIN.ASM   11-30-2023  11:30:37         PAGE  2


LOC  OBJECT CODE     LINE SOURCE TEXT
  VALUE

0007   0088           00031 movwf TRISD
                      00032 
                      00033 ; Retorna para o banco de registros 0
Warning[203]: Found opcode in column 1. (bcf)
0008   1283           00034 bcf STATUS,RP0
Warning[203]: Found opcode in column 1. (bcf)
0009   1303           00035 bcf STATUS,RP1  
                      00036 
                      00037 ; Inicialização dos registradores PORTB e PORTD
Warning[203]: Found opcode in column 1. (movlw)
000A   3000           00038 movlw 0x00      
Warning[203]: Found opcode in column 1. (movwf)
000B   0086           00039 movwf PORTB
Warning[203]: Found opcode in column 1. (movlw)
000C   3000           00040 movlw 0x00
Warning[203]: Found opcode in column 1. (movwf)
000D   0088           00041 movwf PORTD
                      00042 
000E                  00043 main
                      00044 ; Verifica se o bit de incremento está setado
000E   1C07           00045         BTFSS incrementa        
000F   2???           00046         call incrementar        
                      00047                          
                      00048 ; Verifica se o bit de decremento está setado
0010   1C87           00049         BTFSS decrementa
0011   2???           00050         call decrementar        
                      00051 
                      00052 ; Retorna ao loop principal
0012   2???           00053         goto main                       
                      00054                         
0013                  00055 incrementar
                      00056 ; Chama a função de atraso
0013   2???           00057         call atraso 
                      00058 
                      00059 ; Adiciona um valor a PORTB
0014   0806           00060         movf PORTB, W
0015   3EF7           00061         addlw d'247'
                      00062 ; Verifica se o resultado é zero
0016   1903           00063         BTFSC STATUS, Z
                      00064 ; Chama a função de incremento na segunda porta
0017   2???           00065         call incrementarD
                      00066 
                      00067 ; Incrementa PORTB
0018   0806           00068         movf PORTB, W 
0019   3E01           00069         addlw b'01'     
001A   0086           00070         movwf PORTB
Warning[203]: Found opcode in column 1. (return)
001B   0008           00071 return
                      00072 
001C                  00073 decrementar
                      00074 ; Chama a função de atraso
001C   2???           00075         call atraso
                      00076         
MPASM 5.87                       NEWMAIN.ASM   11-30-2023  11:30:37         PAGE  3


LOC  OBJECT CODE     LINE SOURCE TEXT
  VALUE

                      00077 ; Subtrai um valor de PORTB
001D   0806           00078         movf PORTB, W
001E   3E00           00079         addlw 0x00
                      00080 ; Verifica se o resultado é zero
001F   1903           00081         BTFSC STATUS, Z
                      00082 ; Chama a função de decremento na segunda porta
0020   2???           00083         call decrementarD
                      00084 
                      00085 ; Decrementa PORTB
0021   0806           00086         movf PORTB, W
0022   3EFF           00087         addlw d'255'  
0023   0086           00088         movwf PORTB
Warning[203]: Found opcode in column 1. (return)
0024   0008           00089 return
                      00090 
0025                  00091 incrementarD
                      00092 ; Chama a função de atraso
0025   2???           00093         call atraso
                      00094 ; Zera PORTB
0026   3000           00095         movlw 0x00 
0027   0086           00096         movwf PORTB
                      00097 
                      00098 ; Adiciona um valor a PORTD
0028   0808           00099         movf PORTD, W
0029   3EF7           00100         addlw d'247'
                      00101 ; Verifica se o resultado é zero
002A   1903           00102         BTFSC STATUS, Z
                      00103 ; Chama a função de zerar na primeira porta
002B   2???           00104         call zerarA
                      00105 
                      00106 ; Incrementa PORTD
002C   0808           00107         movf PORTD, W
002D   3E01           00108         addlw b'01'
002E   0088           00109         movwf PORTD
Warning[203]: Found opcode in column 1. (goto)
002F   2???           00110 goto main
                      00111 
0030                  00112 zerarA
                      00113 ; Chama a função de atraso
0030   2???           00114         call atraso
                      00115 ; Zera PORTB e PORTD
0031   3000           00116         movlw 0x00
0032   0086           00117         movwf PORTB
0033   30FF           00118         movlw d'255'
0034   0088           00119         movwf PORTD
Warning[203]: Found opcode in column 1. (return)
0035   0008           00120 return
                      00121 
0036                  00122 decrementarD
                      00123 ; Chama a função de atraso
0036   2???           00124         call atraso
                      00125 ; Configura PORTB para um valor específico
0037   3009           00126         movlw b'1001' 
MPASM 5.87                       NEWMAIN.ASM   11-30-2023  11:30:37         PAGE  4


LOC  OBJECT CODE     LINE SOURCE TEXT
  VALUE

0038   0086           00127         movwf PORTB     
                      00128 
                      00129 ; Subtrai um valor de PORTD
0039   0808           00130         movf PORTD, W
003A   3E00           00131         addlw 0x00
                      00132 ; Verifica se o resultado é zero
003B   1903           00133         BTFSC STATUS, Z
                      00134 ; Chama a função de zerar na segunda porta
003C   2???           00135         call zerarB
                      00136 
                      00137 ; Decrementa PORTD
003D   0808           00138         movf PORTD, W
003E   3EFF           00139         addlw d'255'  
003F   0088           00140         movwf PORTD
Warning[203]: Found opcode in column 1. (goto)
0040   2???           00141 goto main
                      00142 
0041                  00143 zerarB
                      00144 ; Chama a função de atraso
0041   2???           00145         call atraso
                      00146 ; Configura PORTB e PORTD para valores específicos
0042   3009           00147         movlw b'1001'
0043   0086           00148         movwf PORTB
0044   300A           00149         movlw b'1010'
0045   0088           00150         movwf PORTD
Warning[203]: Found opcode in column 1. (return)
0046   0008           00151 return
                      00152 
0047                  00153 atraso
                      00154 ; Configura um valor de atraso
0047   30C8           00155         movlw d'200'
0048   008C           00156         movwf 0x0C
                      00157 
0049                  00158 aux1:
0049   30FA           00159         movlw d'250'
004A   008D           00160         movwf 0x0D
                      00161 
004B                  00162 aux2:
004B   0000           00163         nop                     
                      00164 
                      00165         ; Loop de atraso
Message[305]: Using default destination of 1 (file).
004C   0B8D           00166         decfsz 0x0D
004D   2???           00167         goto aux2
Message[305]: Using default destination of 1 (file).
004E   0B8C           00168         decfsz 0x0C
004F   2???           00169         goto aux1
                      00170 
Warning[203]: Found opcode in column 1. (return)
0050   0008           00171 return
                      00172 
Warning[205]: Found directive in column 1. (END)
3FF1                  00173 END
MPASM 5.87                       NEWMAIN.ASM   11-30-2023  11:30:37         PAGE  5


SYMBOL TABLE
  LABEL                             VALUE 

ACKDT                             00000005
ACKEN                             00000004
ACKSTAT                           00000006
ADCON0                            0000001F
ADCON1                            0000009F
ADCS0                             00000006
ADCS1                             00000007
ADCS2                             00000006
ADDEN                             00000003
ADFM                              00000007
ADIE                              00000006
ADIF                              00000006
ADON                              00000000
ADRESH                            0000001E
ADRESL                            0000009E
BCLIE                             00000003
BCLIF                             00000003
BF                                00000000
BRGH                              00000002
C                                 00000000
C1INV                             00000004
C1OUT                             00000006
C2INV                             00000005
C2OUT                             00000007
CCP1CON                           00000017
CCP1IE                            00000002
CCP1IF                            00000002
CCP1M0                            00000000
CCP1M1                            00000001
CCP1M2                            00000002
CCP1M3                            00000003
CCP1X                             00000005
CCP1Y                             00000004
CCP2CON                           0000001D
CCP2IE                            00000000
CCP2IF                            00000000
CCP2M0                            00000000
CCP2M1                            00000001
CCP2M2                            00000002
CCP2M3                            00000003
CCP2X                             00000005
CCP2Y                             00000004
CCPR1                             00000015
CCPR1H                            00000016
CCPR1L                            00000015
CCPR2                             0000001B
CCPR2H                            0000001C
CCPR2L                            0000001B
CHS0                              00000003
CHS1                              00000004
CHS2                              00000005
CIS                               00000003
CKE                               00000006
MPASM 5.87                       NEWMAIN.ASM   11-30-2023  11:30:37         PAGE  6


SYMBOL TABLE
  LABEL                             VALUE 

CKP                               00000004
CM0                               00000000
CM1                               00000001
CM2                               00000002
CMCON                             0000009C
CMIE                              00000006
CMIF                              00000006
CREN                              00000004
CSRC                              00000007
CVR0                              00000000
CVR1                              00000001
CVR2                              00000002
CVR3                              00000003
CVRCON                            0000009D
CVREN                             00000007
CVROE                             00000006
CVRR                              00000005
D                                 00000005
DATA_ADDRESS                      00000005
DC                                00000001
D_A                               00000005
D_NOT_A                           00000005
EEADR                             0000010D
EEADRH                            0000010F
EECON1                            0000018C
EECON2                            0000018D
EEDATA                            0000010C
EEDATH                            0000010E
EEIE                              00000004
EEIF                              00000004
EEPGD                             00000007
F                                 00000001
FERR                              00000002
FSR                               00000004
GCEN                              00000007
GIE                               00000007
GO                                00000002
GO_DONE                           00000002
GO_NOT_DONE                       00000002
I2C_DATA                          00000005
I2C_READ                          00000002
I2C_START                         00000003
I2C_STOP                          00000004
IBF                               00000007
IBOV                              00000005
INDF                              00000000
INTCON                            0000000B
INTE                              00000004
INTEDG                            00000006
INTF                              00000001
IRP                               00000007
NOT_A                             00000005
NOT_ADDRESS                       00000005
MPASM 5.87                       NEWMAIN.ASM   11-30-2023  11:30:37         PAGE  7


SYMBOL TABLE
  LABEL                             VALUE 

NOT_BO                            00000000
NOT_BOR                           00000000
NOT_DONE                          00000002
NOT_PD                            00000003
NOT_POR                           00000001
NOT_RBPU                          00000007
NOT_RC8                           00000006
NOT_T1SYNC                        00000002
NOT_TO                            00000004
NOT_TX8                           00000006
NOT_W                             00000002
NOT_WRITE                         00000002
OBF                               00000006
OERR                              00000001
OPTION_REG                        00000081
P                                 00000004
PCFG0                             00000000
PCFG1                             00000001
PCFG2                             00000002
PCFG3                             00000003
PCL                               00000002
PCLATH                            0000000A
PCON                              0000008E
PEIE                              00000006
PEN                               00000002
PIE1                              0000008C
PIE2                              0000008D
PIR1                              0000000C
PIR2                              0000000D
PORTA                             00000005
PORTB                             00000006
PORTC                             00000007
PORTD                             00000008
PORTE                             00000009
PR2                               00000092
PS0                               00000000
PS1                               00000001
PS2                               00000002
PSA                               00000003
PSPIE                             00000007
PSPIF                             00000007
PSPMODE                           00000004
R                                 00000002
RA0                               00000000
RA1                               00000001
RA2                               00000002
RA3                               00000003
RA4                               00000004
RA5                               00000005
RB0                               00000000
RB1                               00000001
RB2                               00000002
RB3                               00000003
MPASM 5.87                       NEWMAIN.ASM   11-30-2023  11:30:37         PAGE  8


SYMBOL TABLE
  LABEL                             VALUE 

RB4                               00000004
RB5                               00000005
RB6                               00000006
RB7                               00000007
RBIE                              00000003
RBIF                              00000000
RC0                               00000000
RC1                               00000001
RC2                               00000002
RC3                               00000003
RC4                               00000004
RC5                               00000005
RC6                               00000006
RC7                               00000007
RC8_9                             00000006
RC9                               00000006
RCD8                              00000000
RCEN                              00000003
RCIE                              00000005
RCIF                              00000005
RCREG                             0000001A
RCSTA                             00000018
RD                                00000000
RD0                               00000000
RD1                               00000001
RD2                               00000002
RD3                               00000003
RD4                               00000004
RD5                               00000005
RD6                               00000006
RD7                               00000007
RE0                               00000000
RE1                               00000001
RE2                               00000002
READ_WRITE                        00000002
RP0                               00000005
RP1                               00000006
RSEN                              00000001
RX9                               00000006
RX9D                              00000000
R_NOT_W                           00000002
R_W                               00000002
S                                 00000003
SEN                               00000000
SMP                               00000007
SPBRG                             00000099
SPEN                              00000007
SREN                              00000005
SSPADD                            00000093
SSPBUF                            00000013
SSPCON                            00000014
SSPCON2                           00000091
SSPEN                             00000005
MPASM 5.87                       NEWMAIN.ASM   11-30-2023  11:30:37         PAGE  9


SYMBOL TABLE
  LABEL                             VALUE 

SSPIE                             00000003
SSPIF                             00000003
SSPM0                             00000000
SSPM1                             00000001
SSPM2                             00000002
SSPM3                             00000003
SSPOV                             00000006
SSPSTAT                           00000094
STATUS                            00000003
SYNC                              00000004
T0CS                              00000005
T0IE                              00000005
T0IF                              00000002
T0SE                              00000004
T1CKPS0                           00000004
T1CKPS1                           00000005
T1CON                             00000010
T1INSYNC                          00000002
T1OSCEN                           00000003
T1SYNC                            00000002
T2CKPS0                           00000000
T2CKPS1                           00000001
T2CON                             00000012
TMR0                              00000001
TMR0IE                            00000005
TMR0IF                            00000002
TMR1                              0000000E
TMR1CS                            00000001
TMR1H                             0000000F
TMR1IE                            00000000
TMR1IF                            00000000
TMR1L                             0000000E
TMR1ON                            00000000
TMR2                              00000011
TMR2IE                            00000001
TMR2IF                            00000001
TMR2ON                            00000002
TOUTPS0                           00000003
TOUTPS1                           00000004
TOUTPS2                           00000005
TOUTPS3                           00000006
TRISA                             00000085
TRISA0                            00000000
TRISA1                            00000001
TRISA2                            00000002
TRISA3                            00000003
TRISA4                            00000004
TRISA5                            00000005
TRISB                             00000086
TRISB0                            00000000
TRISB1                            00000001
TRISB2                            00000002
TRISB3                            00000003
MPASM 5.87                       NEWMAIN.ASM   11-30-2023  11:30:37         PAGE 10


SYMBOL TABLE
  LABEL                             VALUE 

TRISB4                            00000004
TRISB5                            00000005
TRISB6                            00000006
TRISB7                            00000007
TRISC                             00000087
TRISC0                            00000000
TRISC1                            00000001
TRISC2                            00000002
TRISC3                            00000003
TRISC4                            00000004
TRISC5                            00000005
TRISC6                            00000006
TRISC7                            00000007
TRISD                             00000088
TRISD0                            00000000
TRISD1                            00000001
TRISD2                            00000002
TRISD3                            00000003
TRISD4                            00000004
TRISD5                            00000005
TRISD6                            00000006
TRISD7                            00000007
TRISE                             00000089
TRISE0                            00000000
TRISE1                            00000001
TRISE2                            00000002
TRMT                              00000001
TX8_9                             00000006
TX9                               00000006
TX9D                              00000000
TXD8                              00000000
TXEN                              00000005
TXIE                              00000004
TXIF                              00000004
TXREG                             00000019
TXSTA                             00000098
UA                                00000001
W                                 00000000
WCOL                              00000007
WR                                00000001
WREN                              00000002
WRERR                             00000003
Z                                 00000002
_BODEN_OFF                        00003FBF
_BODEN_ON                         00003FFF
_BOREN_OFF                        00003FBF
_BOREN_ON                         00003FFF
_CONFIG                           00002007
_CPD_OFF                          00003FFF
_CPD_ON                           00003EFF
_CP_ALL                           00001FFF
_CP_OFF                           00003FFF
_CP_ON                            00001FFF
MPASM 5.87                       NEWMAIN.ASM   11-30-2023  11:30:37         PAGE 11


SYMBOL TABLE
  LABEL                             VALUE 

_DEBUG_OFF                        00003FFF
_DEBUG_ON                         000037FF
_DEVID1                           00002006
_FOSC_EXTRC                       00003FFF
_FOSC_HS                          00003FFE
_FOSC_LP                          00003FFC
_FOSC_XT                          00003FFD
_HS_OSC                           00003FFE
_IDLOC0                           00002000
_IDLOC1                           00002001
_IDLOC2                           00002002
_IDLOC3                           00002003
_LP_OSC                           00003FFC
_LVP_OFF                          00003F7F
_LVP_ON                           00003FFF
_PWRTE_OFF                        00003FFF
_PWRTE_ON                         00003FF7
_RC_OSC                           00003FFF
_WDTE_OFF                         00003FFB
_WDTE_ON                          00003FFF
_WDT_OFF                          00003FFB
_WDT_ON                           00003FFF
_WRT_1FOURTH                      00003BFF
_WRT_256                          00003DFF
_WRT_HALF                         000039FF
_WRT_OFF                          00003FFF
_XT_OSC                           00003FFD
__16F877A                         00000001
atraso                            00000047
aux1                              00000049
aux2                              0000004B
decrementa                        PORTC,1
decrementar                       0000001C
decrementarD                      00000036
incrementa                        PORTC,0
incrementar                       00000013
incrementarD                      00000025
main                              0000000E
zerarA                            00000030
zerarB                            00000041

Errors   :     0
Warnings :    24 reported,     0 suppressed
Messages :     5 reported,     0 suppressed

