Warning[205] C:\USERS\ALICE\MPLABXPROJECTS\DISPLAY.X\NEWMAIN.ASM 12 : Found directive in column 1. (__CONFIG)
Warning[205] C:\USERS\ALICE\MPLABXPROJECTS\DISPLAY.X\NEWMAIN.ASM 19 : Found directive in column 1. (org)
Warning[203] C:\USERS\ALICE\MPLABXPROJECTS\DISPLAY.X\NEWMAIN.ASM 22 : Found opcode in column 1. (bsf)
Warning[203] C:\USERS\ALICE\MPLABXPROJECTS\DISPLAY.X\NEWMAIN.ASM 23 : Found opcode in column 1. (bcf)
Warning[203] C:\USERS\ALICE\MPLABXPROJECTS\DISPLAY.X\NEWMAIN.ASM 26 : Found opcode in column 1. (movlw)
Warning[203] C:\USERS\ALICE\MPLABXPROJECTS\DISPLAY.X\NEWMAIN.ASM 27 : Found opcode in column 1. (movwf)
Message[302] C:\USERS\ALICE\MPLABXPROJECTS\DISPLAY.X\NEWMAIN.ASM 27 : Register in operand not in bank 0.  Ensure that bank bits are correct.
Warning[203] C:\USERS\ALICE\MPLABXPROJECTS\DISPLAY.X\NEWMAIN.ASM 28 : Found opcode in column 1. (movlw)
Warning[203] C:\USERS\ALICE\MPLABXPROJECTS\DISPLAY.X\NEWMAIN.ASM 29 : Found opcode in column 1. (movwf)
Message[302] C:\USERS\ALICE\MPLABXPROJECTS\DISPLAY.X\NEWMAIN.ASM 29 : Register in operand not in bank 0.  Ensure that bank bits are correct.
Warning[203] C:\USERS\ALICE\MPLABXPROJECTS\DISPLAY.X\NEWMAIN.ASM 30 : Found opcode in column 1. (movlw)
Warning[203] C:\USERS\ALICE\MPLABXPROJECTS\DISPLAY.X\NEWMAIN.ASM 31 : Found opcode in column 1. (movwf)
Message[302] C:\USERS\ALICE\MPLABXPROJECTS\DISPLAY.X\NEWMAIN.ASM 31 : Register in operand not in bank 0.  Ensure that bank bits are correct.
Warning[203] C:\USERS\ALICE\MPLABXPROJECTS\DISPLAY.X\NEWMAIN.ASM 34 : Found opcode in column 1. (bcf)
Warning[203] C:\USERS\ALICE\MPLABXPROJECTS\DISPLAY.X\NEWMAIN.ASM 35 : Found opcode in column 1. (bcf)
Warning[203] C:\USERS\ALICE\MPLABXPROJECTS\DISPLAY.X\NEWMAIN.ASM 38 : Found opcode in column 1. (movlw)
Warning[203] C:\USERS\ALICE\MPLABXPROJECTS\DISPLAY.X\NEWMAIN.ASM 39 : Found opcode in column 1. (movwf)
Warning[203] C:\USERS\ALICE\MPLABXPROJECTS\DISPLAY.X\NEWMAIN.ASM 40 : Found opcode in column 1. (movlw)
Warning[203] C:\USERS\ALICE\MPLABXPROJECTS\DISPLAY.X\NEWMAIN.ASM 41 : Found opcode in column 1. (movwf)
Warning[203] C:\USERS\ALICE\MPLABXPROJECTS\DISPLAY.X\NEWMAIN.ASM 71 : Found opcode in column 1. (return)
Warning[203] C:\USERS\ALICE\MPLABXPROJECTS\DISPLAY.X\NEWMAIN.ASM 89 : Found opcode in column 1. (return)
Warning[203] C:\USERS\ALICE\MPLABXPROJECTS\DISPLAY.X\NEWMAIN.ASM 110 : Found opcode in column 1. (goto)
Warning[203] C:\USERS\ALICE\MPLABXPROJECTS\DISPLAY.X\NEWMAIN.ASM 120 : Found opcode in column 1. (return)
Warning[203] C:\USERS\ALICE\MPLABXPROJECTS\DISPLAY.X\NEWMAIN.ASM 141 : Found opcode in column 1. (goto)
Warning[203] C:\USERS\ALICE\MPLABXPROJECTS\DISPLAY.X\NEWMAIN.ASM 151 : Found opcode in column 1. (return)
Message[305] C:\USERS\ALICE\MPLABXPROJECTS\DISPLAY.X\NEWMAIN.ASM 166 : Using default destination of 1 (file).
Message[305] C:\USERS\ALICE\MPLABXPROJECTS\DISPLAY.X\NEWMAIN.ASM 168 : Using default destination of 1 (file).
Warning[203] C:\USERS\ALICE\MPLABXPROJECTS\DISPLAY.X\NEWMAIN.ASM 171 : Found opcode in column 1. (return)
Warning[205] C:\USERS\ALICE\MPLABXPROJECTS\DISPLAY.X\NEWMAIN.ASM 173 : Found directive in column 1. (END)
